{"/Users/admin/Desktop/React/FullStackPart1/practice/src/App.jsx": {"path":"/Users/admin/Desktop/React/FullStackPart1/practice/src/App.jsx","statementMap":{"0":{"start":{"line":11,"column":12},"end":{"line":149,"column":1}},"1":{"start":{"line":13,"column":28},"end":{"line":13,"column":40}},"2":{"start":{"line":14,"column":32},"end":{"line":14,"column":44}},"3":{"start":{"line":15,"column":32},"end":{"line":15,"column":46}},"4":{"start":{"line":16,"column":42},"end":{"line":16,"column":56}},"5":{"start":{"line":17,"column":34},"end":{"line":17,"column":46}},"6":{"start":{"line":18,"column":34},"end":{"line":18,"column":46}},"7":{"start":{"line":19,"column":26},"end":{"line":19,"column":40}},"8":{"start":{"line":20,"column":42},"end":{"line":20,"column":57}},"9":{"start":{"line":21,"column":22},"end":{"line":21,"column":30}},"10":{"start":{"line":23,"column":2},"end":{"line":29,"column":8}},"11":{"start":{"line":24,"column":4},"end":{"line":28,"column":8}},"12":{"start":{"line":27,"column":8},"end":{"line":27,"column":30}},"13":{"start":{"line":31,"column":2},"end":{"line":38,"column":8}},"14":{"start":{"line":32,"column":27},"end":{"line":32,"column":75}},"15":{"start":{"line":33,"column":4},"end":{"line":37,"column":5}},"16":{"start":{"line":34,"column":19},"end":{"line":34,"column":45}},"17":{"start":{"line":35,"column":6},"end":{"line":35,"column":19}},"18":{"start":{"line":36,"column":6},"end":{"line":36,"column":38}},"19":{"start":{"line":40,"column":22},"end":{"line":62,"column":3}},"20":{"start":{"line":41,"column":4},"end":{"line":41,"column":26}},"21":{"start":{"line":43,"column":4},"end":{"line":61,"column":5}},"22":{"start":{"line":44,"column":19},"end":{"line":46,"column":8}},"23":{"start":{"line":48,"column":6},"end":{"line":50,"column":7}},"24":{"start":{"line":52,"column":6},"end":{"line":52,"column":38}},"25":{"start":{"line":53,"column":6},"end":{"line":53,"column":19}},"26":{"start":{"line":54,"column":6},"end":{"line":54,"column":21}},"27":{"start":{"line":55,"column":6},"end":{"line":55,"column":21}},"28":{"start":{"line":57,"column":6},"end":{"line":57,"column":42}},"29":{"start":{"line":58,"column":6},"end":{"line":60,"column":14}},"30":{"start":{"line":59,"column":8},"end":{"line":59,"column":29}},"31":{"start":{"line":65,"column":22},"end":{"line":67,"column":42}},"32":{"start":{"line":67,"column":27},"end":{"line":67,"column":41}},"33":{"start":{"line":69,"column":18},"end":{"line":78,"column":3}},"34":{"start":{"line":70,"column":4},"end":{"line":70,"column":33}},"35":{"start":{"line":71,"column":4},"end":{"line":71,"column":42}},"36":{"start":{"line":72,"column":4},"end":{"line":77,"column":8}},"37":{"start":{"line":75,"column":8},"end":{"line":75,"column":44}},"38":{"start":{"line":76,"column":8},"end":{"line":76,"column":22}},"39":{"start":{"line":80,"column":29},"end":{"line":90,"column":3}},"40":{"start":{"line":81,"column":16},"end":{"line":81,"column":51}},"41":{"start":{"line":82,"column":17},"end":{"line":82,"column":45}},"42":{"start":{"line":82,"column":33},"end":{"line":82,"column":44}},"43":{"start":{"line":83,"column":24},"end":{"line":83,"column":63}},"44":{"start":{"line":85,"column":4},"end":{"line":89,"column":8}},"45":{"start":{"line":88,"column":8},"end":{"line":88,"column":73}},"46":{"start":{"line":88,"column":35},"end":{"line":88,"column":71}},"47":{"start":{"line":94,"column":20},"end":{"line":113,"column":3}},"48":{"start":{"line":95,"column":28},"end":{"line":95,"column":67}},"49":{"start":{"line":96,"column":28},"end":{"line":96,"column":67}},"50":{"start":{"line":98,"column":4},"end":{"line":112,"column":5}},"51":{"start":{"line":101,"column":33},"end":{"line":101,"column":54}},"52":{"start":{"line":105,"column":12},"end":{"line":105,"column":37}},"53":{"start":{"line":107,"column":14},"end":{"line":107,"column":39}},"54":{"start":{"line":109,"column":33},"end":{"line":109,"column":55}},"55":{"start":{"line":115,"column":23},"end":{"line":118,"column":3}},"56":{"start":{"line":116,"column":4},"end":{"line":116,"column":31}},"57":{"start":{"line":117,"column":4},"end":{"line":117,"column":28}},"58":{"start":{"line":120,"column":2},"end":{"line":148,"column":3}},"59":{"start":{"line":137,"column":31},"end":{"line":137,"column":51}},"60":{"start":{"line":143,"column":10},"end":{"line":143,"column":97}},"61":{"start":{"line":143,"column":66},"end":{"line":143,"column":93}}},"fnMap":{"0":{"name":"(anonymous_0)","decl":{"start":{"line":11,"column":12},"end":{"line":11,"column":13}},"loc":{"start":{"line":11,"column":18},"end":{"line":149,"column":1}},"line":11},"1":{"name":"(anonymous_1)","decl":{"start":{"line":23,"column":12},"end":{"line":23,"column":13}},"loc":{"start":{"line":23,"column":18},"end":{"line":29,"column":3}},"line":23},"2":{"name":"(anonymous_2)","decl":{"start":{"line":26,"column":12},"end":{"line":26,"column":13}},"loc":{"start":{"line":26,"column":28},"end":{"line":28,"column":7}},"line":26},"3":{"name":"(anonymous_3)","decl":{"start":{"line":31,"column":12},"end":{"line":31,"column":13}},"loc":{"start":{"line":31,"column":18},"end":{"line":38,"column":3}},"line":31},"4":{"name":"(anonymous_4)","decl":{"start":{"line":40,"column":22},"end":{"line":40,"column":23}},"loc":{"start":{"line":40,"column":39},"end":{"line":62,"column":3}},"line":40},"5":{"name":"(anonymous_5)","decl":{"start":{"line":58,"column":17},"end":{"line":58,"column":18}},"loc":{"start":{"line":58,"column":23},"end":{"line":60,"column":7}},"line":58},"6":{"name":"(anonymous_6)","decl":{"start":{"line":67,"column":19},"end":{"line":67,"column":20}},"loc":{"start":{"line":67,"column":27},"end":{"line":67,"column":41}},"line":67},"7":{"name":"(anonymous_7)","decl":{"start":{"line":69,"column":18},"end":{"line":69,"column":19}},"loc":{"start":{"line":69,"column":34},"end":{"line":78,"column":3}},"line":69},"8":{"name":"(anonymous_8)","decl":{"start":{"line":74,"column":12},"end":{"line":74,"column":13}},"loc":{"start":{"line":74,"column":28},"end":{"line":77,"column":7}},"line":74},"9":{"name":"(anonymous_9)","decl":{"start":{"line":80,"column":29},"end":{"line":80,"column":30}},"loc":{"start":{"line":80,"column":35},"end":{"line":90,"column":3}},"line":80},"10":{"name":"(anonymous_10)","decl":{"start":{"line":82,"column":28},"end":{"line":82,"column":29}},"loc":{"start":{"line":82,"column":33},"end":{"line":82,"column":44}},"line":82},"11":{"name":"(anonymous_11)","decl":{"start":{"line":87,"column":12},"end":{"line":87,"column":13}},"loc":{"start":{"line":87,"column":28},"end":{"line":89,"column":7}},"line":87},"12":{"name":"(anonymous_12)","decl":{"start":{"line":88,"column":27},"end":{"line":88,"column":28}},"loc":{"start":{"line":88,"column":35},"end":{"line":88,"column":71}},"line":88},"13":{"name":"(anonymous_13)","decl":{"start":{"line":94,"column":20},"end":{"line":94,"column":21}},"loc":{"start":{"line":94,"column":26},"end":{"line":113,"column":3}},"line":94},"14":{"name":"(anonymous_14)","decl":{"start":{"line":101,"column":27},"end":{"line":101,"column":28}},"loc":{"start":{"line":101,"column":33},"end":{"line":101,"column":54}},"line":101},"15":{"name":"(anonymous_15)","decl":{"start":{"line":104,"column":83},"end":{"line":104,"column":84}},"loc":{"start":{"line":105,"column":12},"end":{"line":105,"column":37}},"line":105},"16":{"name":"(anonymous_16)","decl":{"start":{"line":106,"column":34},"end":{"line":106,"column":35}},"loc":{"start":{"line":107,"column":14},"end":{"line":107,"column":39}},"line":107},"17":{"name":"(anonymous_17)","decl":{"start":{"line":109,"column":27},"end":{"line":109,"column":28}},"loc":{"start":{"line":109,"column":33},"end":{"line":109,"column":55}},"line":109},"18":{"name":"(anonymous_18)","decl":{"start":{"line":115,"column":23},"end":{"line":115,"column":24}},"loc":{"start":{"line":115,"column":29},"end":{"line":118,"column":3}},"line":115},"19":{"name":"(anonymous_19)","decl":{"start":{"line":137,"column":25},"end":{"line":137,"column":26}},"loc":{"start":{"line":137,"column":31},"end":{"line":137,"column":51}},"line":137},"20":{"name":"(anonymous_20)","decl":{"start":{"line":142,"column":25},"end":{"line":142,"column":26}},"loc":{"start":{"line":143,"column":10},"end":{"line":143,"column":97}},"line":143},"21":{"name":"(anonymous_21)","decl":{"start":{"line":143,"column":60},"end":{"line":143,"column":61}},"loc":{"start":{"line":143,"column":66},"end":{"line":143,"column":93}},"line":143}},"branchMap":{"0":{"loc":{"start":{"line":33,"column":4},"end":{"line":37,"column":5}},"type":"if","locations":[{"start":{"line":33,"column":4},"end":{"line":37,"column":5}},{"start":{},"end":{}}],"line":33},"1":{"loc":{"start":{"line":65,"column":22},"end":{"line":67,"column":42}},"type":"cond-expr","locations":[{"start":{"line":66,"column":6},"end":{"line":66,"column":11}},{"start":{"line":67,"column":6},"end":{"line":67,"column":42}}],"line":65},"2":{"loc":{"start":{"line":88,"column":35},"end":{"line":88,"column":71}},"type":"cond-expr","locations":[{"start":{"line":88,"column":52},"end":{"line":88,"column":56}},{"start":{"line":88,"column":59},"end":{"line":88,"column":71}}],"line":88},"3":{"loc":{"start":{"line":95,"column":39},"end":{"line":95,"column":65}},"type":"cond-expr","locations":[{"start":{"line":95,"column":54},"end":{"line":95,"column":60}},{"start":{"line":95,"column":63},"end":{"line":95,"column":65}}],"line":95},"4":{"loc":{"start":{"line":96,"column":39},"end":{"line":96,"column":65}},"type":"cond-expr","locations":[{"start":{"line":96,"column":54},"end":{"line":96,"column":56}},{"start":{"line":96,"column":59},"end":{"line":96,"column":65}}],"line":96},"5":{"loc":{"start":{"line":126,"column":7},"end":{"line":126,"column":27}},"type":"binary-expr","locations":[{"start":{"line":126,"column":7},"end":{"line":126,"column":12}},{"start":{"line":126,"column":16},"end":{"line":126,"column":27}}],"line":126},"6":{"loc":{"start":{"line":127,"column":7},"end":{"line":133,"column":12}},"type":"binary-expr","locations":[{"start":{"line":127,"column":7},"end":{"line":127,"column":11}},{"start":{"line":127,"column":15},"end":{"line":133,"column":12}}],"line":127},"7":{"loc":{"start":{"line":138,"column":16},"end":{"line":138,"column":45}},"type":"cond-expr","locations":[{"start":{"line":138,"column":26},"end":{"line":138,"column":37}},{"start":{"line":138,"column":40},"end":{"line":138,"column":45}}],"line":138}},"s":{"0":0,"1":0,"2":0,"3":0,"4":0,"5":0,"6":0,"7":0,"8":0,"9":0,"10":0,"11":0,"12":0,"13":0,"14":0,"15":0,"16":0,"17":0,"18":0,"19":0,"20":0,"21":0,"22":0,"23":0,"24":0,"25":0,"26":0,"27":0,"28":0,"29":0,"30":0,"31":0,"32":0,"33":0,"34":0,"35":0,"36":0,"37":0,"38":0,"39":0,"40":0,"41":0,"42":0,"43":0,"44":0,"45":0,"46":0,"47":0,"48":0,"49":0,"50":0,"51":0,"52":0,"53":0,"54":0,"55":0,"56":0,"57":0,"58":0,"59":0,"60":0,"61":0},"f":{"0":0,"1":0,"2":0,"3":0,"4":0,"5":0,"6":0,"7":0,"8":0,"9":0,"10":0,"11":0,"12":0,"13":0,"14":0,"15":0,"16":0,"17":0,"18":0,"19":0,"20":0,"21":0},"b":{"0":[0,0],"1":[0,0],"2":[0,0],"3":[0,0],"4":[0,0],"5":[0,0],"6":[0,0],"7":[0,0]}}
,"/Users/admin/Desktop/React/FullStackPart1/practice/src/main.jsx": {"path":"/Users/admin/Desktop/React/FullStackPart1/practice/src/main.jsx","statementMap":{"0":{"start":{"line":7,"column":0},"end":{"line":7,"column":68}}},"fnMap":{},"branchMap":{},"s":{"0":0},"f":{},"b":{}}
,"/Users/admin/Desktop/React/FullStackPart1/practice/src/components/LoginForm.jsx": {"path":"/Users/admin/Desktop/React/FullStackPart1/practice/src/components/LoginForm.jsx","statementMap":{"0":{"start":{"line":2,"column":18},"end":{"line":37,"column":1}},"1":{"start":{"line":9,"column":4},"end":{"line":36,"column":5}},"2":{"start":{"line":39,"column":0},"end":{"line":45,"column":1}}},"fnMap":{"0":{"name":"(anonymous_0)","decl":{"start":{"line":2,"column":18},"end":{"line":2,"column":19}},"loc":{"start":{"line":8,"column":6},"end":{"line":37,"column":1}},"line":8}},"branchMap":{},"s":{"0":0,"1":0,"2":0},"f":{"0":0},"b":{}}
,"/Users/admin/Desktop/React/FullStackPart1/practice/src/components/Note.jsx": {"path":"/Users/admin/Desktop/React/FullStackPart1/practice/src/components/Note.jsx","statementMap":{"0":{"start":{"line":2,"column":13},"end":{"line":10,"column":1}},"1":{"start":{"line":3,"column":18},"end":{"line":3,"column":74}},"2":{"start":{"line":4,"column":4},"end":{"line":9,"column":5}}},"fnMap":{"0":{"name":"(anonymous_0)","decl":{"start":{"line":2,"column":13},"end":{"line":2,"column":14}},"loc":{"start":{"line":2,"column":45},"end":{"line":10,"column":1}},"line":2}},"branchMap":{"0":{"loc":{"start":{"line":3,"column":18},"end":{"line":3,"column":74}},"type":"cond-expr","locations":[{"start":{"line":3,"column":35},"end":{"line":3,"column":55}},{"start":{"line":3,"column":58},"end":{"line":3,"column":74}}],"line":3}},"s":{"0":1,"1":2,"2":2},"f":{"0":2},"b":{"0":[2,0]},"_coverageSchema":"1a1c01bbd47fc00a2c39e90264f33305004495a9","hash":"6c798e93aa30d93f1fc79a67413f23cf62cf9cbc"}
,"/Users/admin/Desktop/React/FullStackPart1/practice/src/components/NoteForm.jsx": {"path":"/Users/admin/Desktop/React/FullStackPart1/practice/src/components/NoteForm.jsx","statementMap":{"0":{"start":{"line":3,"column":17},"end":{"line":28,"column":1}},"1":{"start":{"line":4,"column":34},"end":{"line":4,"column":46}},"2":{"start":{"line":5,"column":46},"end":{"line":5,"column":58}},"3":{"start":{"line":7,"column":20},"end":{"line":14,"column":5}},"4":{"start":{"line":8,"column":8},"end":{"line":8,"column":30}},"5":{"start":{"line":9,"column":8},"end":{"line":12,"column":10}},"6":{"start":{"line":13,"column":8},"end":{"line":13,"column":22}},"7":{"start":{"line":16,"column":4},"end":{"line":27,"column":5}},"8":{"start":{"line":22,"column":58},"end":{"line":22,"column":88}},"9":{"start":{"line":23,"column":64},"end":{"line":23,"column":100}}},"fnMap":{"0":{"name":"(anonymous_0)","decl":{"start":{"line":3,"column":17},"end":{"line":3,"column":18}},"loc":{"start":{"line":3,"column":37},"end":{"line":28,"column":1}},"line":3},"1":{"name":"(anonymous_1)","decl":{"start":{"line":7,"column":20},"end":{"line":7,"column":21}},"loc":{"start":{"line":7,"column":31},"end":{"line":14,"column":5}},"line":7},"2":{"name":"(anonymous_2)","decl":{"start":{"line":22,"column":49},"end":{"line":22,"column":50}},"loc":{"start":{"line":22,"column":58},"end":{"line":22,"column":88}},"line":22},"3":{"name":"(anonymous_3)","decl":{"start":{"line":23,"column":55},"end":{"line":23,"column":56}},"loc":{"start":{"line":23,"column":64},"end":{"line":23,"column":100}},"line":23}},"branchMap":{},"s":{"0":1,"1":19,"2":19,"3":19,"4":1,"5":1,"6":1,"7":19,"8":17,"9":0},"f":{"0":19,"1":1,"2":17,"3":0},"b":{},"_coverageSchema":"1a1c01bbd47fc00a2c39e90264f33305004495a9","hash":"8afd193575102da4a67b21d0853b98c7cde71fcf"}
,"/Users/admin/Desktop/React/FullStackPart1/practice/src/components/Togglable.jsx": {"path":"/Users/admin/Desktop/React/FullStackPart1/practice/src/components/Togglable.jsx","statementMap":{"0":{"start":{"line":4,"column":18},"end":{"line":34,"column":2}},"1":{"start":{"line":5,"column":34},"end":{"line":5,"column":49}},"2":{"start":{"line":7,"column":28},"end":{"line":7,"column":62}},"3":{"start":{"line":8,"column":28},"end":{"line":8,"column":62}},"4":{"start":{"line":10,"column":29},"end":{"line":12,"column":5}},"5":{"start":{"line":11,"column":8},"end":{"line":11,"column":28}},"6":{"start":{"line":15,"column":4},"end":{"line":19,"column":6}},"7":{"start":{"line":16,"column":8},"end":{"line":18,"column":9}},"8":{"start":{"line":21,"column":4},"end":{"line":33,"column":5}},"9":{"start":{"line":36,"column":0},"end":{"line":38,"column":1}},"10":{"start":{"line":39,"column":0},"end":{"line":39,"column":35}}},"fnMap":{"0":{"name":"(anonymous_0)","decl":{"start":{"line":4,"column":29},"end":{"line":4,"column":30}},"loc":{"start":{"line":4,"column":45},"end":{"line":34,"column":1}},"line":4},"1":{"name":"(anonymous_1)","decl":{"start":{"line":10,"column":29},"end":{"line":10,"column":30}},"loc":{"start":{"line":10,"column":35},"end":{"line":12,"column":5}},"line":10},"2":{"name":"(anonymous_2)","decl":{"start":{"line":15,"column":29},"end":{"line":15,"column":30}},"loc":{"start":{"line":15,"column":35},"end":{"line":19,"column":5}},"line":15}},"branchMap":{"0":{"loc":{"start":{"line":7,"column":39},"end":{"line":7,"column":60}},"type":"cond-expr","locations":[{"start":{"line":7,"column":49},"end":{"line":7,"column":55}},{"start":{"line":7,"column":58},"end":{"line":7,"column":60}}],"line":7},"1":{"loc":{"start":{"line":8,"column":39},"end":{"line":8,"column":60}},"type":"cond-expr","locations":[{"start":{"line":8,"column":49},"end":{"line":8,"column":51}},{"start":{"line":8,"column":54},"end":{"line":8,"column":60}}],"line":8}},"s":{"0":1,"1":7,"2":7,"3":7,"4":7,"5":3,"6":7,"7":0,"8":7,"9":1,"10":1},"f":{"0":7,"1":3,"2":0},"b":{"0":[2,5],"1":[2,5]},"_coverageSchema":"1a1c01bbd47fc00a2c39e90264f33305004495a9","hash":"b14e34f76399ea815cfd1416e9c8a78e871a7489"}
,"/Users/admin/Desktop/React/FullStackPart1/practice/src/services/login.js": {"path":"/Users/admin/Desktop/React/FullStackPart1/practice/src/services/login.js","statementMap":{"0":{"start":{"line":2,"column":16},"end":{"line":2,"column":28}},"1":{"start":{"line":4,"column":14},"end":{"line":7,"column":1}},"2":{"start":{"line":5,"column":21},"end":{"line":5,"column":59}},"3":{"start":{"line":6,"column":4},"end":{"line":6,"column":24}}},"fnMap":{"0":{"name":"(anonymous_0)","decl":{"start":{"line":4,"column":14},"end":{"line":4,"column":15}},"loc":{"start":{"line":4,"column":35},"end":{"line":7,"column":1}},"line":4}},"branchMap":{},"s":{"0":0,"1":0,"2":0,"3":0},"f":{"0":0},"b":{}}
,"/Users/admin/Desktop/React/FullStackPart1/practice/src/services/notes.js": {"path":"/Users/admin/Desktop/React/FullStackPart1/practice/src/services/notes.js","statementMap":{"0":{"start":{"line":2,"column":16},"end":{"line":2,"column":28}},"1":{"start":{"line":4,"column":12},"end":{"line":4,"column":16}},"2":{"start":{"line":6,"column":17},"end":{"line":8,"column":1}},"3":{"start":{"line":7,"column":4},"end":{"line":7,"column":32}},"4":{"start":{"line":10,"column":15},"end":{"line":13,"column":1}},"5":{"start":{"line":11,"column":20},"end":{"line":11,"column":38}},"6":{"start":{"line":12,"column":4},"end":{"line":12,"column":50}},"7":{"start":{"line":12,"column":36},"end":{"line":12,"column":49}},"8":{"start":{"line":15,"column":15},"end":{"line":22,"column":1}},"9":{"start":{"line":16,"column":19},"end":{"line":18,"column":5}},"10":{"start":{"line":20,"column":21},"end":{"line":20,"column":65}},"11":{"start":{"line":21,"column":4},"end":{"line":21,"column":24}},"12":{"start":{"line":24,"column":15},"end":{"line":27,"column":1}},"13":{"start":{"line":25,"column":20},"end":{"line":25,"column":60}},"14":{"start":{"line":26,"column":4},"end":{"line":26,"column":50}},"15":{"start":{"line":26,"column":36},"end":{"line":26,"column":49}}},"fnMap":{"0":{"name":"(anonymous_0)","decl":{"start":{"line":6,"column":17},"end":{"line":6,"column":18}},"loc":{"start":{"line":6,"column":29},"end":{"line":8,"column":1}},"line":6},"1":{"name":"(anonymous_1)","decl":{"start":{"line":10,"column":15},"end":{"line":10,"column":16}},"loc":{"start":{"line":10,"column":21},"end":{"line":13,"column":1}},"line":10},"2":{"name":"(anonymous_2)","decl":{"start":{"line":12,"column":24},"end":{"line":12,"column":25}},"loc":{"start":{"line":12,"column":36},"end":{"line":12,"column":49}},"line":12},"3":{"name":"(anonymous_3)","decl":{"start":{"line":15,"column":15},"end":{"line":15,"column":16}},"loc":{"start":{"line":15,"column":34},"end":{"line":22,"column":1}},"line":15},"4":{"name":"(anonymous_4)","decl":{"start":{"line":24,"column":15},"end":{"line":24,"column":16}},"loc":{"start":{"line":24,"column":34},"end":{"line":27,"column":1}},"line":24},"5":{"name":"(anonymous_5)","decl":{"start":{"line":26,"column":24},"end":{"line":26,"column":25}},"loc":{"start":{"line":26,"column":36},"end":{"line":26,"column":49}},"line":26}},"branchMap":{},"s":{"0":0,"1":0,"2":0,"3":0,"4":0,"5":0,"6":0,"7":0,"8":0,"9":0,"10":0,"11":0,"12":0,"13":0,"14":0,"15":0},"f":{"0":0,"1":0,"2":0,"3":0,"4":0,"5":0},"b":{}}
}
